Mode    : Assembler
Options : --input-vcf Stercorarius.PAJAbowtie.MC1R.heterozygotes.vcf --input-pir Stercorarius.PAJAbowtie.MC1R.heterozygotes.PIRsList -O Stercorarius.PAJAbowtie.MC1R.heterozygotes.shapeit.phased --force
Version : v2.r904
Date    : 05/04/2022 20:57:39

MODE -assemble : READ AWARE PHASING
  * Autosome (chr1 ... chr22)
  * Window-based model (SHAPEIT v2)
  * No reference panel used
  * Gibbs sampling

Parameters :
  * Seed : 1649206659
  * Parallelisation: 1 threads
  * Ref allele is NOT aligned on the reference genome

Reading unphased data in [Stercorarius.PAJAbowtie.MC1R.heterozygotes.vcf]
  * 18 samples included
  * 18 unrelateds / 0 duos / 0 trios in 18 different families
  * 324 SNPs included

Checking missingness and MAF...
  * 3 individuals with high rates of missing data (>5%)
  * 173 SNPs with high rates of missing data (>5%)
  * 205 singletons SNPs

Building graphs ... 

  * 18 graphs / 306 segments / ~19 SNPs per segment / 25712 transitions
  * 0 haploids / 18 unrelateds / 0 duos / 0 trios
  * 36 founder haplotypes

Sampling haplotypes


Initialising graphs


Reading map in [Stercorarius.PAJAbowtie.MC1R.heterozygotes.PIRsList]
  * 324 sites found in the genotype map
  * 0 sites not found in the genotype map

Assembling reads on graphs
  * 973 / 974 PIRs used
  * 16 / 16 samples covered by PIRs
  * 42 / 486 heterozygotes covered by PIRs
  * 99 / 176 graph segments covered by PIRs

Propagating probabilities in graphs


Burn-in iteration [1/7]

Burn-in iteration [2/7]

Burn-in iteration [3/7]

Burn-in iteration [4/7]

Burn-in iteration [5/7]

Burn-in iteration [6/7]

Burn-in iteration [7/7]

Pruning iteration [1/8]

Pruning iteration [2/8]

Pruning iteration [3/8]

Pruning iteration [4/8]

Pruning iteration [5/8]

Pruning iteration [6/8]

Pruning iteration [7/8]

Pruning iteration [8/8]

Pruning graphs

  * 18 graphs / 277 segments / ~21 SNPs per segment / 14366 transitions
  * 0 haploids / 18 unrelateds / 0 duos / 0 trios
  * 36 founder haplotypes

Initialising graphs


Reading map in [Stercorarius.PAJAbowtie.MC1R.heterozygotes.PIRsList]
  * 324 sites found in the genotype map
  * 0 sites not found in the genotype map

Assembling reads on graphs
  * 973 / 974 PIRs used
  * 16 / 16 samples covered by PIRs
  * 42 / 484 heterozygotes covered by PIRs
  * 78 / 149 graph segments covered by PIRs

Propagating probabilities in graphs


Main iteration [1/20]

Main iteration [2/20]

Main iteration [3/20]

Main iteration [4/20]

Main iteration [5/20]

Main iteration [6/20]

Main iteration [7/20]

Main iteration [8/20]

Main iteration [9/20]

Main iteration [10/20]

Main iteration [11/20]

Main iteration [12/20]

Main iteration [13/20]

Main iteration [14/20]

Main iteration [15/20]

Main iteration [16/20]

Main iteration [17/20]

Main iteration [18/20]

Main iteration [19/20]

Main iteration [20/20]

Normalising graphs


Solving haplotypes


Writing sample list in [Stercorarius.PAJAbowtie.MC1R.heterozygotes.shapeit.phased.sample]

Writing site list and haplotypes in [Stercorarius.PAJAbowtie.MC1R.heterozygotes.shapeit.phased.haps]

Running time: 0 seconds
